# JRE version: OpenJDK Runtime Environment (8.0_112-b06) (build 1.8.0_112-release-b06)
# Java VM: OpenJDK 64-Bit Server VM (25.112-b06 mixed mode linux-amd64 compressed oops)
Heap:
 PSYoungGen      total 334848K, used 55268K [0x00000000e0000000, 0x00000000f8f00000, 0x0000000100000000)
  eden space 279552K, 0% used [0x00000000e0000000,0x00000000e0000000,0x00000000f1100000)
  from space 55296K, 99% used [0x00000000f5900000,0x00000000f8ef90b0,0x00000000f8f00000)
  to   space 59392K, 0% used [0x00000000f1100000,0x00000000f1100000,0x00000000f4b00000)
 ParOldGen       total 191488K, used 95239K [0x00000000a0000000, 0x00000000abb00000, 0x00000000e0000000)
  object space 191488K, 49% used [0x00000000a0000000,0x00000000a5d01f10,0x00000000abb00000)
 Metaspace       used 83386K, capacity 90716K, committed 90880K, reserved 1128448K
  class space    used 10614K, capacity 11748K, committed 11776K, reserved 1048576K
GC Heap History (10 events):
Event: 1814.360 GC heap after
Heap after GC invocations=39 (full 4):
 PSYoungGen      total 299520K, used 7056K [0x00000000e0000000, 0x00000000f7d80000, 0x0000000100000000)
  eden space 236032K, 0% used [0x00000000e0000000,0x00000000e0000000,0x00000000ee680000)
  from space 63488K, 11% used [0x00000000ee680000,0x00000000eed64030,0x00000000f2480000)
  to   space 62976K, 0% used [0x00000000f4000000,0x00000000f4000000,0x00000000f7d80000)
 ParOldGen       total 191488K, used 86459K [0x00000000a0000000, 0x00000000abb00000, 0x00000000e0000000)
  object space 191488K, 45% used [0x00000000a0000000,0x00000000a546ef18,0x00000000abb00000)
 Metaspace       used 81594K, capacity 88160K, committed 88448K, reserved 1126400K
  class space    used 10479K, capacity 11537K, committed 11648K, reserved 1048576K
}
Event: 2025.305 GC heap before
{Heap before GC invocations=40 (full 4):
 PSYoungGen      total 299520K, used 243088K [0x00000000e0000000, 0x00000000f7d80000, 0x0000000100000000)
  eden space 236032K, 100% used [0x00000000e0000000,0x00000000ee680000,0x00000000ee680000)
  from space 63488K, 11% used [0x00000000ee680000,0x00000000eed64030,0x00000000f2480000)
  to   space 62976K, 0% used [0x00000000f4000000,0x00000000f4000000,0x00000000f7d80000)
 ParOldGen       total 191488K, used 86459K [0x00000000a0000000, 0x00000000abb00000, 0x00000000e0000000)
  object space 191488K, 45% used [0x00000000a0000000,0x00000000a546ef18,0x00000000abb00000)
 Metaspace       used 81841K, capacity 88572K, committed 88704K, reserved 1126400K
  class space    used 10508K, capacity 11563K, committed 11648K, reserved 1048576K
Event: 2025.506 GC heap after
Heap after GC invocations=40 (full 4):
 PSYoungGen      total 319488K, used 3456K [0x00000000e0000000, 0x00000000f7980000, 0x0000000100000000)
  eden space 260608K, 0% used [0x00000000e0000000,0x00000000e0000000,0x00000000efe80000)
  from space 58880K, 5% used [0x00000000f4000000,0x00000000f4360030,0x00000000f7980000)
  to   space 62976K, 0% used [0x00000000efe80000,0x00000000efe80000,0x00000000f3c00000)
 ParOldGen       total 191488K, used 87335K [0x00000000a0000000, 0x00000000abb00000, 0x00000000e0000000)
  object space 191488K, 45% used [0x00000000a0000000,0x00000000a5549fd8,0x00000000abb00000)
 Metaspace       used 81841K, capacity 88572K, committed 88704K, reserved 1126400K
  class space    used 10508K, capacity 11563K, committed 11648K, reserved 1048576K
}
Event: 2356.030 GC heap before
{Heap before GC invocations=41 (full 4):
 PSYoungGen      total 319488K, used 264064K [0x00000000e0000000, 0x00000000f7980000, 0x0000000100000000)
  eden space 260608K, 100% used [0x00000000e0000000,0x00000000efe80000,0x00000000efe80000)
  from space 58880K, 5% used [0x00000000f4000000,0x00000000f4360030,0x00000000f7980000)
  to   space 62976K, 0% used [0x00000000efe80000,0x00000000efe80000,0x00000000f3c00000)
 ParOldGen       total 191488K, used 87335K [0x00000000a0000000, 0x00000000abb00000, 0x00000000e0000000)
  object space 191488K, 45% used [0x00000000a0000000,0x00000000a5549fd8,0x00000000abb00000)
 Metaspace       used 82072K, capacity 88982K, committed 89216K, reserved 1126400K
  class space    used 10527K, capacity 11584K, committed 11648K, reserved 1048576K
Event: 2356.111 GC heap after
Heap after GC invocations=41 (full 4):
 PSYoungGen      total 323584K, used 10704K [0x00000000e0000000, 0x00000000f8b80000, 0x0000000100000000)
  eden space 260608K, 0% used [0x00000000e0000000,0x00000000e0000000,0x00000000efe80000)
  from space 62976K, 16% used [0x00000000efe80000,0x00000000f08f4040,0x00000000f3c00000)
  to   space 60928K, 0% used [0x00000000f5000000,0x00000000f5000000,0x00000000f8b80000)
 ParOldGen       total 191488K, used 87343K [0x00000000a0000000, 0x00000000abb00000, 0x00000000e0000000)
  object space 191488K, 45% used [0x00000000a0000000,0x00000000a554bfd8,0x00000000abb00000)
 Metaspace       used 82072K, capacity 88982K, committed 89216K, reserved 1126400K
  class space    used 10527K, capacity 11584K, committed 11648K, reserved 1048576K
}
Event: 2537.266 GC heap before
{Heap before GC invocations=42 (full 4):
 PSYoungGen      total 323584K, used 271312K [0x00000000e0000000, 0x00000000f8b80000, 0x0000000100000000)
  eden space 260608K, 100% used [0x00000000e0000000,0x00000000efe80000,0x00000000efe80000)
  from space 62976K, 16% used [0x00000000efe80000,0x00000000f08f4040,0x00000000f3c00000)
  to   space 60928K, 0% used [0x00000000f5000000,0x00000000f5000000,0x00000000f8b80000)
 ParOldGen       total 191488K, used 87343K [0x00000000a0000000, 0x00000000abb00000, 0x00000000e0000000)
  object space 191488K, 45% used [0x00000000a0000000,0x00000000a554bfd8,0x00000000abb00000)
 Metaspace       used 82898K, capacity 90104K, committed 90368K, reserved 1128448K
  class space    used 10567K, capacity 11689K, committed 11776K, reserved 1048576K
Event: 2537.288 GC heap after
Heap after GC invocations=42 (full 4):
 PSYoungGen      total 333824K, used 9792K [0x00000000e0000000, 0x00000000f8500000, 0x0000000100000000)
  eden space 279552K, 0% used [0x00000000e0000000,0x00000000e0000000,0x00000000f1100000)
  from space 54272K, 18% used [0x00000000f5000000,0x00000000f59900b0,0x00000000f8500000)
  to   space 59392K, 0% used [0x00000000f1100000,0x00000000f1100000,0x00000000f4b00000)
 ParOldGen       total 191488K, used 87351K [0x00000000a0000000, 0x00000000abb00000, 0x00000000e0000000)
  object space 191488K, 45% used [0x00000000a0000000,0x00000000a554dfd8,0x00000000abb00000)
 Metaspace       used 82898K, capacity 90104K, committed 90368K, reserved 1128448K
  class space    used 10567K, capacity 11689K, committed 11776K, reserved 1048576K
}
Event: 2552.583 GC heap before
{Heap before GC invocations=43 (full 4):
 PSYoungGen      total 333824K, used 289344K [0x00000000e0000000, 0x00000000f8500000, 0x0000000100000000)
  eden space 279552K, 100% used [0x00000000e0000000,0x00000000f1100000,0x00000000f1100000)
  from space 54272K, 18% used [0x00000000f5000000,0x00000000f59900b0,0x00000000f8500000)
  to   space 59392K, 0% used [0x00000000f1100000,0x00000000f1100000,0x00000000f4b00000)
 ParOldGen       total 191488K, used 87351K [0x00000000a0000000, 0x00000000abb00000, 0x00000000e0000000)
  object space 191488K, 45% used [0x00000000a0000000,0x00000000a554dfd8,0x00000000abb00000)
 Metaspace       used 83309K, capacity 90588K, committed 90624K, reserved 1128448K
  class space    used 10607K, capacity 11748K, committed 11776K, reserved 1048576K
Event: 2552.634 GC heap after
Heap after GC invocations=43 (full 4):
 PSYoungGen      total 338944K, used 21018K [0x00000000e0000000, 0x00000000f8f00000, 0x0000000100000000)
  eden space 279552K, 0% used [0x00000000e0000000,0x00000000e0000000,0x00000000f1100000)
  from space 59392K, 35% used [0x00000000f1100000,0x00000000f2586bb0,0x00000000f4b00000)
  to   space 55296K, 0% used [0x00000000f5900000,0x00000000f5900000,0x00000000f8f00000)
 ParOldGen       total 191488K, used 87359K [0x00000000a0000000, 0x00000000abb00000, 0x00000000e0000000)
  object space 191488K, 45% used [0x00000000a0000000,0x00000000a554ffd8,0x00000000abb00000)
 Metaspace       used 83309K, capacity 90588K, committed 90624K, reserved 1128448K
  class space    used 10607K, capacity 11748K, committed 11776K, reserved 1048576K
}
Event: 2553.890 GC heap before
{Heap before GC invocations=44 (full 4):
 PSYoungGen      total 338944K, used 300570K [0x00000000e0000000, 0x00000000f8f00000, 0x0000000100000000)
  eden space 279552K, 100% used [0x00000000e0000000,0x00000000f1100000,0x00000000f1100000)
  from space 59392K, 35% used [0x00000000f1100000,0x00000000f2586bb0,0x00000000f4b00000)
  to   space 55296K, 0% used [0x00000000f5900000,0x00000000f5900000,0x00000000f8f00000)
 ParOldGen       total 191488K, used 87359K [0x00000000a0000000, 0x00000000abb00000, 0x00000000e0000000)
  object space 191488K, 45% used [0x00000000a0000000,0x00000000a554ffd8,0x00000000abb00000)
 Metaspace       used 83386K, capacity 90716K, committed 90880K, reserved 1128448K
  class space    used 10614K, capacity 11748K, committed 11776K, reserved 1048576K

